<?xml version="1.0" encoding="UTF-8"?>
<testng-results skipped="0" failed="0" total="3" passed="3">
  <reporter-output>
  </reporter-output>
  <suite name="Default suite" duration-ms="30422" started-at="2016-01-10T18:50:16Z" finished-at="2016-01-10T18:50:46Z">
    <groups>
    </groups>
    <test name="Default test" duration-ms="30422" started-at="2016-01-10T18:50:16Z" finished-at="2016-01-10T18:50:46Z">
      <class name="com.technosoft.selenium.MavenTest.SampleTest">
        <test-method status="PASS" signature="beforeSuite()[pri:0, instance:com.technosoft.selenium.MavenTest.SampleTest@2c6a3f77]" name="beforeSuite" is-config="true" duration-ms="785" started-at="2016-01-10T13:50:15Z" finished-at="2016-01-10T13:50:16Z">
          <reporter-output>
          </reporter-output>
        </test-method> <!-- beforeSuite -->
        <test-method status="PASS" signature="beforeClassExecution()[pri:0, instance:com.technosoft.selenium.MavenTest.SampleTest@2c6a3f77]" name="beforeClassExecution" is-config="true" duration-ms="18584" started-at="2016-01-10T13:50:16Z" finished-at="2016-01-10T13:50:34Z">
          <reporter-output>
          </reporter-output>
        </test-method> <!-- beforeClassExecution -->
        <test-method status="PASS" signature="beforeEachTestCase()[pri:0, instance:com.technosoft.selenium.MavenTest.SampleTest@2c6a3f77]" name="beforeEachTestCase" is-config="true" duration-ms="85" started-at="2016-01-10T13:50:34Z" finished-at="2016-01-10T13:50:35Z">
          <reporter-output>
          </reporter-output>
        </test-method> <!-- beforeEachTestCase -->
        <test-method status="PASS" signature="testMaven()[pri:1, instance:com.technosoft.selenium.MavenTest.SampleTest@2c6a3f77]" name="testMaven" duration-ms="6949" started-at="2016-01-10T13:50:35Z" finished-at="2016-01-10T13:50:42Z">
          <reporter-output>
          </reporter-output>
        </test-method> <!-- testMaven -->
        <test-method status="PASS" signature="handleScreenShot(org.testng.ITestResult)[pri:0, instance:com.technosoft.selenium.MavenTest.SampleTest@2c6a3f77]" name="handleScreenShot" is-config="true" duration-ms="869" started-at="2016-01-10T13:50:42Z" finished-at="2016-01-10T13:50:42Z">
          <params>
            <param index="0">
              <value>
                <![CDATA[[TestResult name=testMaven status=SUCCESS method=SampleTest.testMaven()[pri:1, instance:com.technosoft.selenium.MavenTest.SampleTest@2c6a3f77] output={null}]]]>
              </value>
            </param>
          </params>
          <reporter-output>
          </reporter-output>
        </test-method> <!-- handleScreenShot -->
        <test-method status="PASS" signature="beforeEachTestCase()[pri:0, instance:com.technosoft.selenium.MavenTest.SampleTest@2c6a3f77]" name="beforeEachTestCase" is-config="true" duration-ms="1111" started-at="2016-01-10T13:50:42Z" finished-at="2016-01-10T13:50:44Z">
          <reporter-output>
          </reporter-output>
        </test-method> <!-- beforeEachTestCase -->
        <test-method status="PASS" signature="TitleTest()[pri:2, instance:com.technosoft.selenium.MavenTest.SampleTest@2c6a3f77]" name="TitleTest" duration-ms="53" started-at="2016-01-10T13:50:44Z" finished-at="2016-01-10T13:50:44Z">
          <reporter-output>
          </reporter-output>
        </test-method> <!-- TitleTest -->
        <test-method status="PASS" signature="handleScreenShot(org.testng.ITestResult)[pri:0, instance:com.technosoft.selenium.MavenTest.SampleTest@2c6a3f77]" name="handleScreenShot" is-config="true" duration-ms="849" started-at="2016-01-10T13:50:44Z" finished-at="2016-01-10T13:50:44Z">
          <params>
            <param index="0">
              <value>
                <![CDATA[[TestResult name=TitleTest status=SUCCESS method=SampleTest.TitleTest()[pri:2, instance:com.technosoft.selenium.MavenTest.SampleTest@2c6a3f77] output={null}]]]>
              </value>
            </param>
          </params>
          <reporter-output>
          </reporter-output>
        </test-method> <!-- handleScreenShot -->
        <test-method status="PASS" signature="beforeEachTestCase()[pri:0, instance:com.technosoft.selenium.MavenTest.SampleTest@2c6a3f77]" name="beforeEachTestCase" is-config="true" duration-ms="933" started-at="2016-01-10T13:50:44Z" finished-at="2016-01-10T13:50:45Z">
          <reporter-output>
          </reporter-output>
        </test-method> <!-- beforeEachTestCase -->
        <test-method status="PASS" signature="handleScreenShot(org.testng.ITestResult)[pri:0, instance:com.technosoft.selenium.MavenTest.SampleTest@2c6a3f77]" name="handleScreenShot" is-config="true" duration-ms="936" started-at="2016-01-10T13:50:45Z" finished-at="2016-01-10T13:50:46Z">
          <params>
            <param index="0">
              <value>
                <![CDATA[[TestResult name=testDemo status=SUCCESS method=SampleTest.testDemo()[pri:2, instance:com.technosoft.selenium.MavenTest.SampleTest@2c6a3f77] output={null}]]]>
              </value>
            </param>
          </params>
          <reporter-output>
          </reporter-output>
        </test-method> <!-- handleScreenShot -->
        <test-method status="PASS" signature="testDemo()[pri:2, instance:com.technosoft.selenium.MavenTest.SampleTest@2c6a3f77]" name="testDemo" duration-ms="0" started-at="2016-01-10T13:50:45Z" finished-at="2016-01-10T13:50:45Z">
          <reporter-output>
          </reporter-output>
        </test-method> <!-- testDemo -->
        <test-method status="PASS" signature="close()[pri:0, instance:com.technosoft.selenium.MavenTest.SampleTest@2c6a3f77]" name="close" is-config="true" duration-ms="0" started-at="2016-01-10T13:50:46Z" finished-at="2016-01-10T13:50:46Z">
          <reporter-output>
          </reporter-output>
        </test-method> <!-- close -->
        <test-method status="PASS" signature="finalCleanUp()[pri:0, instance:com.technosoft.selenium.MavenTest.SampleTest@2c6a3f77]" name="finalCleanUp" is-config="true" duration-ms="2239" started-at="2016-01-10T13:50:46Z" finished-at="2016-01-10T13:50:49Z">
          <reporter-output>
          </reporter-output>
        </test-method> <!-- finalCleanUp -->
      </class> <!-- com.technosoft.selenium.MavenTest.SampleTest -->
    </test> <!-- Default test -->
  </suite> <!-- Default suite -->
</testng-results>
