<?xml version="1.0" encoding="UTF-8"?>
<!-- Generated by org.testng.reporters.JUnitXMLReporter -->
<testsuite hostname="Md-Enamul-Hoque" name="Default test" tests="3" failures="0" timestamp="10 Jan 2016 18:50:46 GMT" time="30.422" errors="0">
  <testcase name="testMaven" time="6.949" classname="com.technosoft.selenium.MavenTest.SampleTest"/>
  <testcase name="TitleTest" time="0.053" classname="com.technosoft.selenium.MavenTest.SampleTest"/>
  <testcase name="testDemo" time="0.0" classname="com.technosoft.selenium.MavenTest.SampleTest"/>
</testsuite> <!-- Default test -->
