<?xml version="1.0" encoding="UTF-8"?>
<testng-results skipped="0" failed="0" total="3" passed="3">
  <reporter-output>
  </reporter-output>
  <suite name="Maven Test" duration-ms="27491" started-at="2016-03-06T00:23:25Z" finished-at="2016-03-06T00:23:52Z">
    <groups>
    </groups>
    <test name="Regression Testing " duration-ms="27491" started-at="2016-03-06T00:23:25Z" finished-at="2016-03-06T00:23:52Z">
      <class name="com.technosoft.selenium.MavenTest.SampleTest">
        <test-method status="PASS" signature="beforeSuite()[pri:0, instance:com.technosoft.selenium.MavenTest.SampleTest@6bf256fa]" name="beforeSuite" is-config="true" duration-ms="239" started-at="2016-03-05T19:23:24Z" finished-at="2016-03-05T19:23:25Z">
          <reporter-output>
          </reporter-output>
        </test-method> <!-- beforeSuite -->
        <test-method status="PASS" signature="beforeClassExecution()[pri:0, instance:com.technosoft.selenium.MavenTest.SampleTest@6bf256fa]" name="beforeClassExecution" is-config="true" duration-ms="22101" started-at="2016-03-05T19:23:25Z" finished-at="2016-03-05T19:23:47Z">
          <reporter-output>
          </reporter-output>
        </test-method> <!-- beforeClassExecution -->
        <test-method status="PASS" signature="beforeEachTestCase()[pri:0, instance:com.technosoft.selenium.MavenTest.SampleTest@6bf256fa]" name="beforeEachTestCase" is-config="true" duration-ms="1113" started-at="2016-03-05T19:23:47Z" finished-at="2016-03-05T19:23:48Z">
          <reporter-output>
          </reporter-output>
        </test-method> <!-- beforeEachTestCase -->
        <test-method status="PASS" signature="testMaven()[pri:0, instance:com.technosoft.selenium.MavenTest.SampleTest@6bf256fa]" name="testMaven" duration-ms="1264" started-at="2016-03-05T19:23:48Z" finished-at="2016-03-05T19:23:49Z">
          <reporter-output>
          </reporter-output>
        </test-method> <!-- testMaven -->
        <test-method status="PASS" signature="handleScreenShot(org.testng.ITestResult)[pri:0, instance:com.technosoft.selenium.MavenTest.SampleTest@6bf256fa]" name="handleScreenShot" is-config="true" duration-ms="619" started-at="2016-03-05T19:23:49Z" finished-at="2016-03-05T19:23:50Z">
          <params>
            <param index="0">
              <value>
                <![CDATA[[TestResult name=testMaven status=SUCCESS method=SampleTest.testMaven()[pri:0, instance:com.technosoft.selenium.MavenTest.SampleTest@6bf256fa] output={null}]]]>
              </value>
            </param>
          </params>
          <reporter-output>
          </reporter-output>
        </test-method> <!-- handleScreenShot -->
        <test-method status="PASS" signature="beforeEachTestCase()[pri:0, instance:com.technosoft.selenium.MavenTest.SampleTest@6bf256fa]" name="beforeEachTestCase" is-config="true" duration-ms="596" started-at="2016-03-05T19:23:50Z" finished-at="2016-03-05T19:23:50Z">
          <reporter-output>
          </reporter-output>
        </test-method> <!-- beforeEachTestCase -->
        <test-method status="PASS" signature="TitleTest()[pri:0, instance:com.technosoft.selenium.MavenTest.SampleTest@6bf256fa]" name="TitleTest" duration-ms="187" started-at="2016-03-05T19:23:50Z" finished-at="2016-03-05T19:23:51Z">
          <reporter-output>
          </reporter-output>
        </test-method> <!-- TitleTest -->
        <test-method status="PASS" signature="handleScreenShot(org.testng.ITestResult)[pri:0, instance:com.technosoft.selenium.MavenTest.SampleTest@6bf256fa]" name="handleScreenShot" is-config="true" duration-ms="432" started-at="2016-03-05T19:23:51Z" finished-at="2016-03-05T19:23:51Z">
          <params>
            <param index="0">
              <value>
                <![CDATA[[TestResult name=TitleTest status=SUCCESS method=SampleTest.TitleTest()[pri:0, instance:com.technosoft.selenium.MavenTest.SampleTest@6bf256fa] output={null}]]]>
              </value>
            </param>
          </params>
          <reporter-output>
          </reporter-output>
        </test-method> <!-- handleScreenShot -->
        <test-method status="PASS" signature="beforeEachTestCase()[pri:0, instance:com.technosoft.selenium.MavenTest.SampleTest@6bf256fa]" name="beforeEachTestCase" is-config="true" duration-ms="530" started-at="2016-03-05T19:23:51Z" finished-at="2016-03-05T19:23:52Z">
          <reporter-output>
          </reporter-output>
        </test-method> <!-- beforeEachTestCase -->
        <test-method status="PASS" signature="testDemo()[pri:0, instance:com.technosoft.selenium.MavenTest.SampleTest@6bf256fa]" name="testDemo" duration-ms="7" started-at="2016-03-05T19:23:52Z" finished-at="2016-03-05T19:23:52Z">
          <reporter-output>
          </reporter-output>
        </test-method> <!-- testDemo -->
        <test-method status="PASS" signature="handleScreenShot(org.testng.ITestResult)[pri:0, instance:com.technosoft.selenium.MavenTest.SampleTest@6bf256fa]" name="handleScreenShot" is-config="true" duration-ms="623" started-at="2016-03-05T19:23:52Z" finished-at="2016-03-05T19:23:52Z">
          <params>
            <param index="0">
              <value>
                <![CDATA[[TestResult name=testDemo status=SUCCESS method=SampleTest.testDemo()[pri:0, instance:com.technosoft.selenium.MavenTest.SampleTest@6bf256fa] output={null}]]]>
              </value>
            </param>
          </params>
          <reporter-output>
          </reporter-output>
        </test-method> <!-- handleScreenShot -->
        <test-method status="PASS" signature="close()[pri:0, instance:com.technosoft.selenium.MavenTest.SampleTest@6bf256fa]" name="close" is-config="true" duration-ms="0" started-at="2016-03-05T19:23:52Z" finished-at="2016-03-05T19:23:52Z">
          <reporter-output>
          </reporter-output>
        </test-method> <!-- close -->
        <test-method status="PASS" signature="finalCleanUp()[pri:0, instance:com.technosoft.selenium.MavenTest.SampleTest@6bf256fa]" name="finalCleanUp" is-config="true" duration-ms="11229" started-at="2016-03-05T19:23:52Z" finished-at="2016-03-05T19:24:03Z">
          <reporter-output>
          </reporter-output>
        </test-method> <!-- finalCleanUp -->
      </class> <!-- com.technosoft.selenium.MavenTest.SampleTest -->
    </test> <!-- Regression Testing  -->
  </suite> <!-- Maven Test -->
</testng-results>
