<?xml version="1.0" encoding="UTF-8"?>
<!-- Generated by org.testng.reporters.JUnitXMLReporter -->
<testsuite hostname="Md-Enamul-Hoque" name="Regression Testing " tests="3" failures="0" timestamp="6 Mar 2016 00:58:45 GMT" time="18.507" errors="0">
  <testcase name="testMaven" time="1.333" classname="com.technosoft.selenium.MavenTest.SampleTest2"/>
  <testcase name="TitleTest" time="0.161" classname="com.technosoft.selenium.MavenTest.SampleTest2"/>
  <testcase name="testDemo" time="0.008" classname="com.technosoft.selenium.MavenTest.SampleTest2"/>
</testsuite> <!-- Regression Testing  -->
