<?xml version="1.0" encoding="UTF-8"?>
<!-- Generated by org.testng.reporters.JUnitXMLReporter -->
<testsuite hostname="Md-Enamul-Hoque" name="Regression Testing " tests="3" failures="0" timestamp="11 Apr 2016 01:32:30 GMT" time="28.241" errors="0">
  <testcase name="testMaven" time="2.232" classname="com.technosoft.selenium.MavenTest.SampleTest2"/>
  <testcase name="TitleTest" time="0.042" classname="com.technosoft.selenium.MavenTest.SampleTest2"/>
  <testcase name="testDemo" time="0.008" classname="com.technosoft.selenium.MavenTest.SampleTest2"/>
</testsuite> <!-- Regression Testing  -->
